array(6) {
  ["post_status"]=>
  string(7) "publish"
  ["post_type"]=>
  string(4) "post"
  ["post_title"]=>
  string(58) "Currencies: Dollar in holding pattern against yen and euro"
  ["post_excerpt"]=>
  string(1403) "The dollar is little changed against the yen and euro early Monday, due to a lack of fresh trading cues and thin volume amid Japan’s summer holiday season.&lt;div class=&quot;feedflare&quot;&gt;
&lt;a href=&quot;http://feeds.marketwatch.com/~ff/marketwatch/topstories?a=HYQRYJQvNik:Q6Gmeq5oZ00:yIl2AUoC8zA&quot;&gt;&lt;img src=&quot;http://feeds.feedburner.com/~ff/marketwatch/topstories?d=yIl2AUoC8zA&quot; border=&quot;0&quot;&gt;&lt;/a&gt; &lt;a href=&quot;http://feeds.marketwatch.com/~ff/marketwatch/topstories?a=HYQRYJQvNik:Q6Gmeq5oZ00:F7zBnMyn0Lo&quot;&gt;&lt;img src=&quot;http://feeds.feedburner.com/~ff/marketwatch/topstories?i=HYQRYJQvNik:Q6Gmeq5oZ00:F7zBnMyn0Lo&quot; border=&quot;0&quot;&gt;&lt;/a&gt; &lt;a href=&quot;http://feeds.marketwatch.com/~ff/marketwatch/topstories?a=HYQRYJQvNik:Q6Gmeq5oZ00:V_sGLiPBpWU&quot;&gt;&lt;img src=&quot;http://feeds.feedburner.com/~ff/marketwatch/topstories?i=HYQRYJQvNik:Q6Gmeq5oZ00:V_sGLiPBpWU&quot; border=&quot;0&quot;&gt;&lt;/a&gt; &lt;a href=&quot;http://feeds.marketwatch.com/~ff/marketwatch/topstories?a=HYQRYJQvNik:Q6Gmeq5oZ00:qj6IDK7rITs&quot;&gt;&lt;img src=&quot;http://feeds.feedburner.com/~ff/marketwatch/topstories?d=qj6IDK7rITs&quot; border=&quot;0&quot;&gt;&lt;/a&gt;
&lt;/div&gt;&lt;img src=&quot;http://feeds.feedburner.com/~r/marketwatch/topstories/~4/HYQRYJQvNik&quot; height=&quot;1&quot; width=&quot;1&quot; alt=&quot;&quot;&gt;"
  ["post_content"]=>
  string(5530) "
                            
                            
                            
                                                        
                            
                            
                                                        
                            
                            
                                                               &lt;p&gt;The dollar was little changed against the yen and euro early Monday, due to a lack of fresh trading cues and thin volume amid Japan’s summer holiday season. &lt;/p&gt; &lt;p&gt;The greenback 

                            
                            
                                  
      
      
      
      
      
      
      
                                  
                                    USDJPY, -0.22%

                            
                                  
      
      
      
      
      
      
      
                                         was at ¥101.10 early Monday amid rangebound trade, compared with ¥101.30 late Friday in New York. The euro 

                            
                            
                                  
      
      
      
      
      
      
      
                                  
                                    EURUSD, +0.1075%

                            
                                  
      
      
      
      
      
      
      
                                         was at $1.1172 from $1.1155. &lt;/p&gt; &lt;p&gt;The WSJ Dollar Index 

                            
                            
                                  
      
      
      
      
      
      
      
                                  
                                    BUXX, -0.19%

                            
                                  
      
      
      
      
      
      
      
                                         , a measure of the dollar against a basket of major currencies, was down slighly, dipping less than 0.2% to 86.22. &lt;/p&gt; &lt;p&gt;The dollar weakened Friday against its rival currencies after U.S. retail sales among other data fueled speculation that the economy is not strong enough to allow the Federal Reserve to raise short-term rates later this year. Even with strong jobs data earlier this month, which showed the economy added more jobs than expected in July, the dollar struggled to rise. &lt;/p&gt; &lt;p&gt;“There is a risk of a weaker dollar and a higher yen,” said Minori Uchida, head of Tokyo global markets research at Bank of Tokyo-Mitsubishi UFJ. &lt;/p&gt; &lt;p&gt;The dollar had little reaction to Japan’s GDP data earlier Monday, in which the economy expanded an annualized 0.2% in the April-June quarter. That was weaker than a 2% expansion in the first three months of the year. Many shrugged off the data as the economy is expected to gain momentum, as Prime Minister Shinzo Abe’s cabinet in early August approved a ¥28 trillion ($276 billion) stimulus package. &lt;/p&gt; &lt;p&gt;Given a lack of fresh trading cues, investors are looking for any hints that the Fed could raise short-term rates, especially from Fed chairwoman Janet Yellen’s speech at the central bank’s Jackson Hole symposium Aug. 26. &lt;/p&gt; &lt;p&gt;“In some cases, there may be remarks to show [the Fed] is aggressive about raising rates,” due to stability in the global financial markets even after the U.K.’s decision leave the European Union, said Uchida. &lt;/p&gt; &lt;p&gt; Read: As economy gyrates through tepid growth, Fed minutes may offer clues &lt;/p&gt; &lt;p&gt;Still, such remarks may cause turbulence in riskier assets such as oil and stocks which could prompt buying of the safety of the Japanese currency, said Uchida. In that case, the dollar will likely fall against the yen, even while the U.S. currency gains against other peers, said Uchida. &lt;/p&gt; 

                            
                            
                                  
      
      
      
      
      
      
      
                                  
                            
                            
                                  
      
      
      
      
      
      
      
      


                                &lt;div class=&quot;module&quot; id=&quot;related-articles&quot;&gt;
                                    
                                        More from MarketWatch
                                    
                                    

                                        How much money will gold medal winners in Rio take home?
                                      
                      
                                        China stocks come out strong despite lackluster economic news
                                      
                      
                                        How Aly Raisman Takes on the Balance Beam
                                      
                    
&lt;/div&gt;

                    &lt;div class=&quot;related_topics&quot;&gt;
                        Related Topics
                        
Currency
                                Euro
                                Yen
                                Pound
                                U.S. Dollar
                                Federal Reserve
                        
&lt;/div&gt;



            "
  ["meta_input"]=>
  array(3) {
    ["article-category"]=>
    string(10) "MW_Markets"
    ["published-date"]=>
    string(25) "2016-08-15T03:28:00-04:00"
    ["original-link"]=>
    string(89) "http://www.marketwatch.com/story/dollar-in-holding-patter-against-yen-and-euro-2016-08-15"
  }
}
array(6) {
  ["post_status"]=>
  string(7) "publish"
  ["post_type"]=>
  string(4) "post"
  ["post_title"]=>
  string(58) "Currencies: Dollar in holding pattern against yen and euro"
  ["post_excerpt"]=>
  string(1403) "The dollar is little changed against the yen and euro early Monday, due to a lack of fresh trading cues and thin volume amid Japan’s summer holiday season.&lt;div class=&quot;feedflare&quot;&gt;
&lt;a href=&quot;http://feeds.marketwatch.com/~ff/marketwatch/topstories?a=HYQRYJQvNik:Q6Gmeq5oZ00:yIl2AUoC8zA&quot;&gt;&lt;img src=&quot;http://feeds.feedburner.com/~ff/marketwatch/topstories?d=yIl2AUoC8zA&quot; border=&quot;0&quot;&gt;&lt;/a&gt; &lt;a href=&quot;http://feeds.marketwatch.com/~ff/marketwatch/topstories?a=HYQRYJQvNik:Q6Gmeq5oZ00:F7zBnMyn0Lo&quot;&gt;&lt;img src=&quot;http://feeds.feedburner.com/~ff/marketwatch/topstories?i=HYQRYJQvNik:Q6Gmeq5oZ00:F7zBnMyn0Lo&quot; border=&quot;0&quot;&gt;&lt;/a&gt; &lt;a href=&quot;http://feeds.marketwatch.com/~ff/marketwatch/topstories?a=HYQRYJQvNik:Q6Gmeq5oZ00:V_sGLiPBpWU&quot;&gt;&lt;img src=&quot;http://feeds.feedburner.com/~ff/marketwatch/topstories?i=HYQRYJQvNik:Q6Gmeq5oZ00:V_sGLiPBpWU&quot; border=&quot;0&quot;&gt;&lt;/a&gt; &lt;a href=&quot;http://feeds.marketwatch.com/~ff/marketwatch/topstories?a=HYQRYJQvNik:Q6Gmeq5oZ00:qj6IDK7rITs&quot;&gt;&lt;img src=&quot;http://feeds.feedburner.com/~ff/marketwatch/topstories?d=qj6IDK7rITs&quot; border=&quot;0&quot;&gt;&lt;/a&gt;
&lt;/div&gt;&lt;img src=&quot;http://feeds.feedburner.com/~r/marketwatch/topstories/~4/HYQRYJQvNik&quot; height=&quot;1&quot; width=&quot;1&quot; alt=&quot;&quot;&gt;"
  ["post_content"]=>
  string(5564) "
                            
                            
                            
                                                        
                            
                            
                                                        
                            
                            
                                                               &lt;p&gt;The dollar was little changed against the yen and euro early Monday, due to a lack of fresh trading cues and thin volume amid Japan’s summer holiday season. &lt;/p&gt; &lt;p&gt;The greenback 

                            
                            
                                  
      
      
      
      
      
      
      
                                  
                                    USDJPY, -0.22%

                            
                                  
      
      
      
      
      
      
      
                                         was at ¥101.10 early Monday amid rangebound trade, compared with ¥101.30 late Friday in New York. The euro 

                            
                            
                                  
      
      
      
      
      
      
      
                                  
                                    EURUSD, +0.0985%

                            
                                  
      
      
      
      
      
      
      
                                         was at $1.1172 from $1.1155. &lt;/p&gt; &lt;p&gt;The WSJ Dollar Index 

                            
                            
                                  
      
      
      
      
      
      
      
                                  
                                    BUXX, -0.18%

                            
                                  
      
      
      
      
      
      
      
                                         , a measure of the dollar against a basket of major currencies, was down slighly, dipping less than 0.2% to 86.22. &lt;/p&gt; &lt;p&gt;The dollar weakened Friday against its rival currencies after U.S. retail sales among other data fueled speculation that the economy is not strong enough to allow the Federal Reserve to raise short-term rates later this year. Even with strong jobs data earlier this month, which showed the economy added more jobs than expected in July, the dollar struggled to rise. &lt;/p&gt; &lt;p&gt;“There is a risk of a weaker dollar and a higher yen,” said Minori Uchida, head of Tokyo global markets research at Bank of Tokyo-Mitsubishi UFJ. &lt;/p&gt; &lt;p&gt;The dollar had little reaction to Japan’s GDP data earlier Monday, in which the economy expanded an annualized 0.2% in the April-June quarter. That was weaker than a 2% expansion in the first three months of the year. Many shrugged off the data as the economy is expected to gain momentum, as Prime Minister Shinzo Abe’s cabinet in early August approved a ¥28 trillion ($276 billion) stimulus package. &lt;/p&gt; &lt;p&gt;Given a lack of fresh trading cues, investors are looking for any hints that the Fed could raise short-term rates, especially from Fed chairwoman Janet Yellen’s speech at the central bank’s Jackson Hole symposium Aug. 26. &lt;/p&gt; &lt;p&gt;“In some cases, there may be remarks to show [the Fed] is aggressive about raising rates,” due to stability in the global financial markets even after the U.K.’s decision leave the European Union, said Uchida. &lt;/p&gt; &lt;p&gt; Read: As economy gyrates through tepid growth, Fed minutes may offer clues &lt;/p&gt; &lt;p&gt;Still, such remarks may cause turbulence in riskier assets such as oil and stocks which could prompt buying of the safety of the Japanese currency, said Uchida. In that case, the dollar will likely fall against the yen, even while the U.S. currency gains against other peers, said Uchida. &lt;/p&gt; 

                            
                            
                                  
      
      
      
      
      
      
      
                                  
                            
                            
                                  
      
      
      
      
      
      
      
      


                                &lt;div class=&quot;module&quot; id=&quot;related-articles&quot;&gt;
                                    
                                        More from MarketWatch
                                    
                                    

                                        No AC? No problem. How to keep cool this summer without a big electric bill
                                      
                      
                                        Olympic star Ryan Lochte, 3 other U.S. swimmers robbed in Rio
                                      
                      
                                        Mysterious Shark Lives Hundreds of Years, Scientists Say
                                      
                    
&lt;/div&gt;

                    &lt;div class=&quot;related_topics&quot;&gt;
                        Related Topics
                        
Currency
                                Euro
                                Yen
                                Pound
                                U.S. Dollar
                                Federal Reserve
                        
&lt;/div&gt;



            "
  ["meta_input"]=>
  array(3) {
    ["article-category"]=>
    string(10) "MW_Markets"
    ["published-date"]=>
    string(25) "2016-08-15T03:28:00-04:00"
    ["original-link"]=>
    string(89) "http://www.marketwatch.com/story/dollar-in-holding-patter-against-yen-and-euro-2016-08-15"
  }
}
